<?xml version="1.0" encoding="UTF-8"?>
<testsuite xmlns:xsi="http://www.w3.org/2001/XMLSchema-instance" xsi:noNamespaceSchemaLocation="https://maven.apache.org/surefire/maven-surefire-plugin/xsd/surefire-test-report.xsd" name="com.example.podam.TestEmails1" time="0.156" tests="10" errors="0" skipped="0" failures="0">
  <properties>
    <property name="java.specification.version" value="21"/>
    <property name="sun.cpu.isalist" value="amd64"/>
    <property name="sun.jnu.encoding" value="Cp1252"/>
    <property name="java.class.path" value="c:\Users\ASUS-LAC\Desktop\Gestor-de-Emails-con-filtros-main\target\test-classes;c:\Users\ASUS-LAC\Desktop\Gestor-de-Emails-con-filtros-main\target\classes;C:\Users\ASUS-LAC\.m2\repository\junit\junit\4.11\junit-4.11.jar;C:\Users\ASUS-LAC\.m2\repository\org\hamcrest\hamcrest-core\1.3\hamcrest-core-1.3.jar;"/>
    <property name="java.vm.vendor" value="Eclipse Adoptium"/>
    <property name="sun.arch.data.model" value="64"/>
    <property name="user.variant" value=""/>
    <property name="java.vendor.url" value="https://adoptium.net/"/>
    <property name="user.timezone" value="America/Buenos_Aires"/>
    <property name="os.name" value="Windows 11"/>
    <property name="java.vm.specification.version" value="21"/>
    <property name="sun.java.launcher" value="SUN_STANDARD"/>
    <property name="user.country" value="AR"/>
    <property name="sun.boot.library.path" value="C:\Program Files\Eclipse Adoptium\jdk-21.0.4.7-hotspot\bin"/>
    <property name="sun.java.command" value="C:\Users\ASUS-LAC\AppData\Local\Temp\surefire9816520100393513898\surefirebooter2056726359665734598.jar C:\Users\ASUS-LAC\AppData\Local\Temp\surefire9816520100393513898 2024-10-03T18-28-23_607-jvmRun1 surefire15443632864010649126tmp surefire_017739400990449630008tmp"/>
    <property name="jdk.debug" value="release"/>
    <property name="surefire.test.class.path" value="c:\Users\ASUS-LAC\Desktop\Gestor-de-Emails-con-filtros-main\target\test-classes;c:\Users\ASUS-LAC\Desktop\Gestor-de-Emails-con-filtros-main\target\classes;C:\Users\ASUS-LAC\.m2\repository\junit\junit\4.11\junit-4.11.jar;C:\Users\ASUS-LAC\.m2\repository\org\hamcrest\hamcrest-core\1.3\hamcrest-core-1.3.jar;"/>
    <property name="sun.cpu.endian" value="little"/>
    <property name="user.home" value="C:\Users\ASUS-LAC"/>
    <property name="user.language" value="es"/>
    <property name="java.specification.vendor" value="Oracle Corporation"/>
    <property name="java.version.date" value="2024-07-16"/>
    <property name="java.home" value="C:\Program Files\Eclipse Adoptium\jdk-21.0.4.7-hotspot"/>
    <property name="file.separator" value="\"/>
    <property name="basedir" value="c:\Users\ASUS-LAC\Desktop\Gestor-de-Emails-con-filtros-main"/>
    <property name="java.vm.compressedOopsMode" value="32-bit"/>
    <property name="line.separator" value="&#10;"/>
    <property name="java.vm.specification.vendor" value="Oracle Corporation"/>
    <property name="java.specification.name" value="Java Platform API Specification"/>
    <property name="surefire.real.class.path" value="C:\Users\ASUS-LAC\AppData\Local\Temp\surefire9816520100393513898\surefirebooter2056726359665734598.jar"/>
    <property name="user.script" value=""/>
    <property name="sun.management.compiler" value="HotSpot 64-Bit Tiered Compilers"/>
    <property name="java.runtime.version" value="21.0.4+7-LTS"/>
    <property name="user.name" value="ASUS-LAC"/>
    <property name="stdout.encoding" value="Cp1252"/>
    <property name="path.separator" value=";"/>
    <property name="os.version" value="10.0"/>
    <property name="java.runtime.name" value="OpenJDK Runtime Environment"/>
    <property name="file.encoding" value="UTF-8"/>
    <property name="java.vm.name" value="OpenJDK 64-Bit Server VM"/>
    <property name="java.vendor.version" value="Temurin-21.0.4+7"/>
    <property name="localRepository" value="C:\Users\ASUS-LAC\.m2\repository"/>
    <property name="java.vendor.url.bug" value="https://github.com/adoptium/adoptium-support/issues"/>
    <property name="java.io.tmpdir" value="C:\Users\ASUS-LAC\AppData\Local\Temp\"/>
    <property name="java.version" value="21.0.4"/>
    <property name="user.dir" value="c:\Users\ASUS-LAC\Desktop\Gestor-de-Emails-con-filtros-main"/>
    <property name="os.arch" value="amd64"/>
    <property name="java.vm.specification.name" value="Java Virtual Machine Specification"/>
    <property name="sun.os.patch.level" value=""/>
    <property name="native.encoding" value="Cp1252"/>
    <property name="java.library.path" value="C:\Program Files\Eclipse Adoptium\jdk-21.0.4.7-hotspot\bin;C:\WINDOWS\Sun\Java\bin;C:\WINDOWS\system32;C:\WINDOWS;C:\Program Files\Eclipse Adoptium\jdk-21.0.4.7-hotspot\bin;C:\Program Files (x86)\Common Files\Oracle\Java\javapath;C:\WINDOWS\system32;C:\Users\ASUS-LAC\Downloads\jdk-22_linux-x64_bin.tar.gz\jdk-22.0.2\bin;C:\WINDOWS;C:\WINDOWS\System32\Wbem;C:\WINDOWS\System32\WindowsPowerShell\v1.0\;C:\WINDOWS\System32\OpenSSH\;C:\MinGW\bin;C:\Program Files\Git\cmd;C:\Users\ASUS-LAC\Desktop\apache-maven-3.9.9\bin;C:\Users\ASUS-LAC\AppData\Local\Programs\Python\Python312\Scripts\;C:\Users\ASUS-LAC\AppData\Local\Programs\Python\Python312\;C:\Users\ASUS-LAC\AppData\Local\Microsoft\WindowsApps;;C:\Users\ASUS-LAC\AppData\Local\Programs\Microsoft VS Code\bin;."/>
    <property name="java.vm.info" value="mixed mode, sharing"/>
    <property name="stderr.encoding" value="Cp1252"/>
    <property name="java.vendor" value="Eclipse Adoptium"/>
    <property name="java.vm.version" value="21.0.4+7-LTS"/>
    <property name="sun.io.unicode.encoding" value="UnicodeLittle"/>
    <property name="java.class.version" value="65.0"/>
  </properties>
  <testcase name="prueba_para_completo" classname="com.example.podam.TestEmails1" time="0.015"/>
  <testcase name="test_asunto" classname="com.example.podam.TestEmails1" time="0"/>
  <testcase name="prueba_para_1_contacto" classname="com.example.podam.TestEmails1" time="0"/>
  <testcase name="guarda_email_bandeja_de_entrada" classname="com.example.podam.TestEmails1" time="0.016"/>
  <testcase name="test_Contacto_prueba_y_Email" classname="com.example.podam.TestEmails1" time="0"/>
  <testcase name="testFiltroAsunto" classname="com.example.podam.TestEmails1" time="0"/>
  <testcase name="test_remitente" classname="com.example.podam.TestEmails1" time="0"/>
  <testcase name="test_contenido_tambien_test_sin_asunto" classname="com.example.podam.TestEmails1" time="0.016"/>
  <testcase name="prueba_para_3_contactos" classname="com.example.podam.TestEmails1" time="0"/>
  <testcase name="debe_crear_un_email_simple" classname="com.example.podam.TestEmails1" time="0"/>
</testsuite>